<?xml version="1.0" encoding="UTF-8"?>
<!-- Generated by org.testng.reporters.JUnitReportReporter -->
<testsuite hostname="Mindvalleys-MacBook-1540.local" name="TestMavenClass" tests="1" failures="0" timestamp="21 Oct 2013 06:52:49 GMT" time="24.186" errors="0">
  <testcase name="verifySearch" time="24.186" classname="TestMavenClass"/>
</testsuite> <!-- TestMavenClass -->
